<?xml version="1.0" encoding="UTF-8"?>
<testng-results ignored="0" total="3" passed="3" failed="0" skipped="0">
  <reporter-output>
  </reporter-output>
  <suite started-at="2026-02-26T20:02:06 IST" name="Maven TestNG Suite" finished-at="2026-02-26T20:02:13 IST" duration-ms="6666">
    <groups>
    </groups>
    <test started-at="2026-02-26T20:02:06 IST" name="UI Tests" finished-at="2026-02-26T20:02:11 IST" duration-ms="4335">
      <class name="Tests.MultiOptionTest">
        <test-method is-config="true" signature="setUp()[pri:0, instance:Tests.MultiOptionTest@e1e2e5e]" started-at="2026-02-26T20:02:06 IST" name="setUp" finished-at="2026-02-26T20:02:10 IST" duration-ms="3903" status="PASS">
          <reporter-output>
          </reporter-output>
        </test-method> <!-- setUp -->
        <test-method signature="radioButtonPresence()[pri:0, instance:Tests.MultiOptionTest@e1e2e5e]" started-at="2026-02-26T20:02:10 IST" name="radioButtonPresence" description="Radio Button presence" finished-at="2026-02-26T20:02:10 IST" duration-ms="89" status="PASS">
          <reporter-output>
          </reporter-output>
        </test-method> <!-- radioButtonPresence -->
        <test-method is-config="true" signature="IfAnyFailureScreenshot(org.testng.ITestResult)[pri:0, instance:Tests.MultiOptionTest@e1e2e5e]" started-at="2026-02-26T20:02:11 IST" name="IfAnyFailureScreenshot" finished-at="2026-02-26T20:02:11 IST" duration-ms="2" status="PASS">
          <params>
            <param index="0">
              <value>
                <![CDATA[[TestResult name=radioButtonPresence status=SUCCESS method=MultiOptionTest.radioButtonPresence()[pri:0, instance:Tests.MultiOptionTest@e1e2e5e] output={null}]]]>
              </value>
            </param>
          </params>
          <reporter-output>
          </reporter-output>
        </test-method> <!-- IfAnyFailureScreenshot -->
        <test-method signature="radioButtonSelection()[pri:0, instance:Tests.MultiOptionTest@e1e2e5e]" started-at="2026-02-26T20:02:11 IST" name="radioButtonSelection" description="Radio Button selection" finished-at="2026-02-26T20:02:11 IST" duration-ms="78" status="PASS">
          <reporter-output>
          </reporter-output>
        </test-method> <!-- radioButtonSelection -->
        <test-method is-config="true" signature="IfAnyFailureScreenshot(org.testng.ITestResult)[pri:0, instance:Tests.MultiOptionTest@e1e2e5e]" started-at="2026-02-26T20:02:11 IST" name="IfAnyFailureScreenshot" finished-at="2026-02-26T20:02:11 IST" duration-ms="1" status="PASS">
          <params>
            <param index="0">
              <value>
                <![CDATA[[TestResult name=radioButtonSelection status=SUCCESS method=MultiOptionTest.radioButtonSelection()[pri:0, instance:Tests.MultiOptionTest@e1e2e5e] output={null}]]]>
              </value>
            </param>
          </params>
          <reporter-output>
          </reporter-output>
        </test-method> <!-- IfAnyFailureScreenshot -->
        <test-method is-config="true" signature="tearDown()[pri:0, instance:Tests.MultiOptionTest@e1e2e5e]" started-at="2026-02-26T20:02:11 IST" name="tearDown" finished-at="2026-02-26T20:02:11 IST" duration-ms="139" status="PASS">
          <reporter-output>
          </reporter-output>
        </test-method> <!-- tearDown -->
      </class> <!-- Tests.MultiOptionTest -->
    </test> <!-- UI Tests -->
    <test started-at="2026-02-26T20:02:11 IST" name="API Tests" finished-at="2026-02-26T20:02:13 IST" duration-ms="2320">
      <class name="com.automation.api.GetResourceDetails">
        <test-method is-config="true" signature="setup()[pri:0, instance:com.automation.api.GetResourceDetails@55e3d6c3]" started-at="2026-02-26T20:02:11 IST" name="setup" finished-at="2026-02-26T20:02:11 IST" duration-ms="393" status="PASS">
          <reporter-output>
          </reporter-output>
        </test-method> <!-- setup -->
        <test-method signature="testUserApi()[pri:0, instance:com.automation.api.GetResourceDetails@55e3d6c3]" started-at="2026-02-26T20:02:11 IST" name="testUserApi" finished-at="2026-02-26T20:02:13 IST" duration-ms="1924" status="PASS">
          <reporter-output>
          </reporter-output>
        </test-method> <!-- testUserApi -->
      </class> <!-- com.automation.api.GetResourceDetails -->
    </test> <!-- API Tests -->
  </suite> <!-- Maven TestNG Suite -->
</testng-results>
