<?xml version="1.0" encoding="UTF-8"?>
<testsuite xmlns:xsi="http://www.w3.org/2001/XMLSchema-instance" xsi:noNamespaceSchemaLocation="https://maven.apache.org/surefire/maven-surefire-plugin/xsd/surefire-test-report-3.0.xsd" version="3.0" name="TestSuite" time="7.922" tests="3" errors="0" skipped="0" failures="0">
  <properties>
[...]
</properties>
  <testcase name="radioButtonPresence" classname="Tests.MultiOptionTest" time="0.065">
    <system-err><![CDATA[SLF4J: Failed to load class "org.slf4j.impl.StaticLoggerBinder".
SLF4J: Defaulting to no-operation (NOP) logger implementation
SLF4J: See http://www.slf4j.org/codes.html#StaticLoggerBinder for further details.
Feb 26, 2026 8:02:08 PM org.openqa.selenium.devtools.CdpVersionFinder findNearestMatch
WARNING: Unable to find an exact match for CDP version 145, returning the closest version; found: 144; Please update to a Selenium version that supports CDP version 145
]]></system-err>
  </testcase>
  <testcase name="radioButtonSelection" classname="Tests.MultiOptionTest" time="0.077"/>
  <testcase name="testUserApi" classname="com.automation.api.GetResourceDetails" time="1.926">
    <system-out><![CDATA[HTTP/1.1 200 OK
Date: Thu, 26 Feb 2026 14:32:12 GMT
Content-Type: application/json; charset=utf-8
Transfer-Encoding: chunked
Connection: keep-alive
access-control-allow-credentials: true
Cache-Control: max-age=43200
etag: W/"1fd-XTG63SYhaP/Uo6/vgmARnL3rpBk"
expires: -1
nel: {"report_to":"heroku-nel","response_headers":["Via"],"max_age":3600,"success_fraction":0.01,"failure_fraction":0.1}
pragma: no-cache
report-to: {"group":"heroku-nel","endpoints":[{"url":"https://nel.heroku.com/reports?s=PAlpYLDxk1MYCF2l3rH674sBgNOsNmiHLtyZ%2FC2KMY8%3D\u0026sid=e11707d5-02a7-43ef-b45e-2cf4d2036f7d\u0026ts=1772077273"}],"max_age":3600}
reporting-endpoints: heroku-nel="https://nel.heroku.com/reports?s=PAlpYLDxk1MYCF2l3rH674sBgNOsNmiHLtyZ%2FC2KMY8%3D&sid=e11707d5-02a7-43ef-b45e-2cf4d2036f7d&ts=1772077273"
Server: cloudflare
vary: Origin, Accept-Encoding
via: 2.0 heroku-router
x-content-type-options: nosniff
x-powered-by: Express
x-ratelimit-limit: 1000
x-ratelimit-remaining: 988
x-ratelimit-reset: 1772077321
Age: 3400
cf-cache-status: HIT
Content-Encoding: gzip
CF-RAY: 9d4026869dca3ac3-BOM
alt-svc: h3=":443"; ma=86400

{
    "id": 2,
    "name": "Ervin Howell",
    "username": "Antonette",
    "email": "Shanna@melissa.tv",
    "address": {
        "street": "Victor Plains",
        "suite": "Suite 879",
        "city": "Wisokyburgh",
        "zipcode": "90566-7771",
        "geo": {
            "lat": "-43.9509",
            "lng": "-34.4618"
        }
    },
    "phone": "010-692-6593 x09125",
    "website": "anastasia.net",
    "company": {
        "name": "Deckow-Crist",
        "catchPhrase": "Proactive didactic contingency",
        "bs": "synergize scalable supply-chains"
    }
}
]]></system-out>
  </testcase>
</testsuite>